Running gups, started at Mon Jun 30 22:29:24 CDT 2014
Generated on 2014-07-01:03:29:24 GMT
Main table size   = 2^33 = 8589934592 words
Number of updates = 1000000000
CPU time used  = 27.482716 seconds
Real time used = 27.482717 seconds
0.036386504 Billion(10^9) Updates    per second [GUP/s]
Found 0 errors in 8589934592 locations (passed).

--------------------------------------------------------------------------------
Running gups, started at Mon Jun 30 22:31:53 CDT 2014
Generated on 2014-07-01:03:31:53 GMT
Main table size   = 2^33 = 8589934592 words
Number of updates = 1000000000
CPU time used  = 27.717193 seconds
Real time used = 27.717193 seconds
0.036078690 Billion(10^9) Updates    per second [GUP/s]
Found 0 errors in 8589934592 locations (passed).

--------------------------------------------------------------------------------
Running gups, started at Mon Jun 30 22:34:21 CDT 2014
Generated on 2014-07-01:03:34:22 GMT
Main table size   = 2^33 = 8589934592 words
Number of updates = 1000000000
CPU time used  = 27.845078 seconds
Real time used = 27.845078 seconds
0.035912990 Billion(10^9) Updates    per second [GUP/s]
Found 0 errors in 8589934592 locations (passed).

--------------------------------------------------------------------------------
Running gups, started at Mon Jun 30 22:36:51 CDT 2014
Generated on 2014-07-01:03:36:51 GMT
Main table size   = 2^33 = 8589934592 words
Number of updates = 1000000000
CPU time used  = 27.307152 seconds
Real time used = 27.307152 seconds
0.036620443 Billion(10^9) Updates    per second [GUP/s]
Found 0 errors in 8589934592 locations (passed).

--------------------------------------------------------------------------------
Running gups, started at Mon Jun 30 22:39:19 CDT 2014
Generated on 2014-07-01:03:39:20 GMT
Main table size   = 2^33 = 8589934592 words
Number of updates = 1000000000
CPU time used  = 27.383821 seconds
Real time used = 27.383822 seconds
0.036517912 Billion(10^9) Updates    per second [GUP/s]
Found 0 errors in 8589934592 locations (passed).

--------------------------------------------------------------------------------
Running gups, started at Mon Jun 30 22:41:48 CDT 2014
Generated on 2014-07-01:03:41:49 GMT
Main table size   = 2^33 = 8589934592 words
Number of updates = 1000000000
CPU time used  = 26.792957 seconds
Real time used = 26.792957 seconds
0.037323241 Billion(10^9) Updates    per second [GUP/s]
Found 0 errors in 8589934592 locations (passed).

--------------------------------------------------------------------------------
Running gups, started at Mon Jun 30 22:44:17 CDT 2014
Generated on 2014-07-01:03:44:17 GMT
Main table size   = 2^33 = 8589934592 words
Number of updates = 1000000000
CPU time used  = 26.931894 seconds
Real time used = 26.931895 seconds
0.037130696 Billion(10^9) Updates    per second [GUP/s]
Found 0 errors in 8589934592 locations (passed).

--------------------------------------------------------------------------------
Running gups, started at Mon Jun 30 22:46:45 CDT 2014
Generated on 2014-07-01:03:46:45 GMT
Main table size   = 2^33 = 8589934592 words
Number of updates = 1000000000
CPU time used  = 28.008780 seconds
Real time used = 28.008781 seconds
0.035703089 Billion(10^9) Updates    per second [GUP/s]
Found 0 errors in 8589934592 locations (passed).

--------------------------------------------------------------------------------
Running gups, started at Mon Jun 30 22:49:14 CDT 2014
Generated on 2014-07-01:03:49:14 GMT
Main table size   = 2^33 = 8589934592 words
Number of updates = 1000000000
CPU time used  = 27.925178 seconds
Real time used = 27.925179 seconds
0.035809976 Billion(10^9) Updates    per second [GUP/s]
Found 0 errors in 8589934592 locations (passed).

--------------------------------------------------------------------------------
Running gups, started at Mon Jun 30 22:51:44 CDT 2014
Generated on 2014-07-01:03:51:44 GMT
Main table size   = 2^33 = 8589934592 words
Number of updates = 1000000000
CPU time used  = 27.715674 seconds
Real time used = 27.715674 seconds
0.036080667 Billion(10^9) Updates    per second [GUP/s]
Found 0 errors in 8589934592 locations (passed).

--------------------------------------------------------------------------------
Running gups, started at Tue Jul  1 10:20:03 CDT 2014
Generated on 2014-07-01:15:20:04 GMT
Main table size   = 2^33 = 8589934592 words
Number of updates = 1000000000
CPU time used  = 88.200408 seconds
Real time used = 88.200409 seconds
0.011337816 Billion(10^9) Updates    per second [GUP/s]
Found 1 errors in 8589934592 locations (passed).

--------------------------------------------------------------------------------
Running gups, started at Tue Jul  1 10:27:05 CDT 2014
Generated on 2014-07-01:15:27:05 GMT
Main table size   = 2^33 = 8589934592 words
Number of updates = 1000000000
CPU time used  = 81.870417 seconds
Real time used = 81.870417 seconds
0.012214424 Billion(10^9) Updates    per second [GUP/s]
Found 1 errors in 8589934592 locations (passed).

--------------------------------------------------------------------------------
Running gups, started at Tue Jul  1 12:18:21 CDT 2014
Generated on 2014-07-01:17:18:21 GMT
Main table size   = 2^33 = 8589934592 words
Number of updates = 1000000000
CPU time used  = 89.902186 seconds
Real time used = 89.902187 seconds
0.011123200 Billion(10^9) Updates    per second [GUP/s]
Found 1 errors in 8589934592 locations (passed).

--------------------------------------------------------------------------------
Running gups, started at Tue Jul  1 12:37:05 CDT 2014
Generated on 2014-07-01:17:37:06 GMT
Main table size   = 2^33 = 8589934592 words
Number of updates = 1000000000
CPU time used  = 27.285311 seconds
Real time used = 27.285310 seconds
0.036649758 Billion(10^9) Updates    per second [GUP/s]
Found 0 errors in 8589934592 locations (passed).

--------------------------------------------------------------------------------
Running gups, started at Tue Jul  1 12:39:58 CDT 2014
Generated on 2014-07-01:17:39:59 GMT
Main table size   = 2^33 = 8589934592 words
Number of updates = 1000000000
CPU time used  = 88.712093 seconds
Real time used = 88.712094 seconds
0.011272420 Billion(10^9) Updates    per second [GUP/s]
Found 1 errors in 8589934592 locations (passed).

--------------------------------------------------------------------------------
Running gups, started at Tue Jul  1 16:55:42 CDT 2014
Generated on 2014-07-01:21:55:42 GMT
Main table size   = 2^33 = 8589934592 words
Number of updates = 1000000000
CPU time used  = 27.667676 seconds
Real time used = 27.667677 seconds
0.036143258 Billion(10^9) Updates    per second [GUP/s]
Found 1 errors in 8589934592 locations (passed).

