Running gups, started at Mon Jun 30 22:29:24 CDT 2014
Generated on 2014-07-01:03:29:24 GMT
Main table size   = 2^33 = 8589934592 words
Number of updates = 1000000000
CPU time used  = 27.482716 seconds
Real time used = 27.482717 seconds
0.036386504 Billion(10^9) Updates    per second [GUP/s]
Found 0 errors in 8589934592 locations (passed).

--------------------------------------------------------------------------------
Running gups, started at Mon Jun 30 22:31:53 CDT 2014
Generated on 2014-07-01:03:31:53 GMT
Main table size   = 2^33 = 8589934592 words
Number of updates = 1000000000
CPU time used  = 27.717193 seconds
Real time used = 27.717193 seconds
0.036078690 Billion(10^9) Updates    per second [GUP/s]
Found 0 errors in 8589934592 locations (passed).

--------------------------------------------------------------------------------
Running gups, started at Mon Jun 30 22:34:21 CDT 2014
Generated on 2014-07-01:03:34:22 GMT
Main table size   = 2^33 = 8589934592 words
Number of updates = 1000000000
CPU time used  = 27.845078 seconds
Real time used = 27.845078 seconds
0.035912990 Billion(10^9) Updates    per second [GUP/s]
Found 0 errors in 8589934592 locations (passed).

--------------------------------------------------------------------------------
Running gups, started at Mon Jun 30 22:36:51 CDT 2014
Generated on 2014-07-01:03:36:51 GMT
Main table size   = 2^33 = 8589934592 words
Number of updates = 1000000000
CPU time used  = 27.307152 seconds
Real time used = 27.307152 seconds
0.036620443 Billion(10^9) Updates    per second [GUP/s]
Found 0 errors in 8589934592 locations (passed).

--------------------------------------------------------------------------------
Running gups, started at Mon Jun 30 22:39:19 CDT 2014
Generated on 2014-07-01:03:39:20 GMT
Main table size   = 2^33 = 8589934592 words
Number of updates = 1000000000
CPU time used  = 27.383821 seconds
Real time used = 27.383822 seconds
0.036517912 Billion(10^9) Updates    per second [GUP/s]
Found 0 errors in 8589934592 locations (passed).

--------------------------------------------------------------------------------
Running gups, started at Mon Jun 30 22:41:48 CDT 2014
Generated on 2014-07-01:03:41:49 GMT
Main table size   = 2^33 = 8589934592 words
Number of updates = 1000000000
CPU time used  = 26.792957 seconds
Real time used = 26.792957 seconds
0.037323241 Billion(10^9) Updates    per second [GUP/s]
Found 0 errors in 8589934592 locations (passed).

--------------------------------------------------------------------------------
Running gups, started at Mon Jun 30 22:44:17 CDT 2014
Generated on 2014-07-01:03:44:17 GMT
Main table size   = 2^33 = 8589934592 words
Number of updates = 1000000000
CPU time used  = 26.931894 seconds
Real time used = 26.931895 seconds
0.037130696 Billion(10^9) Updates    per second [GUP/s]
Found 0 errors in 8589934592 locations (passed).

--------------------------------------------------------------------------------
Running gups, started at Mon Jun 30 22:46:45 CDT 2014
Generated on 2014-07-01:03:46:45 GMT
Main table size   = 2^33 = 8589934592 words
Number of updates = 1000000000
CPU time used  = 28.008780 seconds
Real time used = 28.008781 seconds
0.035703089 Billion(10^9) Updates    per second [GUP/s]
Found 0 errors in 8589934592 locations (passed).

--------------------------------------------------------------------------------
Running gups, started at Mon Jun 30 22:49:14 CDT 2014
Generated on 2014-07-01:03:49:14 GMT
Main table size   = 2^33 = 8589934592 words
Number of updates = 1000000000
CPU time used  = 27.925178 seconds
Real time used = 27.925179 seconds
0.035809976 Billion(10^9) Updates    per second [GUP/s]
Found 0 errors in 8589934592 locations (passed).

--------------------------------------------------------------------------------
Running gups, started at Mon Jun 30 22:51:44 CDT 2014
Generated on 2014-07-01:03:51:44 GMT
Main table size   = 2^33 = 8589934592 words
Number of updates = 1000000000
CPU time used  = 27.715674 seconds
Real time used = 27.715674 seconds
0.036080667 Billion(10^9) Updates    per second [GUP/s]
Found 0 errors in 8589934592 locations (passed).

