--------------------------------------------------------------------------------
Running gups with numaopts <  --physcpubind=0-31 --interleave=0,1  >, started at Sat Jul 12 11:19:40 CDT 2014
Generated on 2014-07-12:16:19:40 GMT
Main table size   = 2^33 = 8589934592 words
Number of updates = 1000000000
CPU time used  = 78.895082 seconds
Real time used = 78.895083 seconds
0.012675061 Billion(10^9) Updates    per second [GUP/s]
Found 1 errors in 8589934592 locations (passed).

--------------------------------------------------------------------------------
Running gups with numaopts <  --physcpubind=0-31 --interleave=0,1  >, started at Sat Jul 12 11:21:55 CDT 2014
Generated on 2014-07-12:16:21:55 GMT
Main table size   = 2^33 = 8589934592 words
Number of updates = 1000000000
CPU time used  = 78.904641 seconds
Real time used = 78.904641 seconds
0.012673526 Billion(10^9) Updates    per second [GUP/s]
Found 1 errors in 8589934592 locations (passed).

--------------------------------------------------------------------------------
Running gups with numaopts <  --physcpubind=0-31 --interleave=0,1  >, started at Sat Jul 12 11:24:10 CDT 2014
Generated on 2014-07-12:16:24:10 GMT
Main table size   = 2^33 = 8589934592 words
Number of updates = 1000000000
CPU time used  = 81.071664 seconds
Real time used = 81.071663 seconds
0.012334766 Billion(10^9) Updates    per second [GUP/s]
Found 2 errors in 8589934592 locations (passed).

--------------------------------------------------------------------------------
Running gups with numaopts <  --physcpubind=0-31 --interleave=0,1  >, started at Sat Jul 12 11:26:27 CDT 2014
Generated on 2014-07-12:16:26:27 GMT
Main table size   = 2^33 = 8589934592 words
Number of updates = 1000000000
CPU time used  = 76.433449 seconds
Real time used = 76.433449 seconds
0.013083277 Billion(10^9) Updates    per second [GUP/s]
Found 3 errors in 8589934592 locations (passed).

--------------------------------------------------------------------------------
Running gups with numaopts <  --physcpubind=0-31 --interleave=0,1  >, started at Sat Jul 12 11:28:40 CDT 2014
Generated on 2014-07-12:16:28:40 GMT
Main table size   = 2^33 = 8589934592 words
Number of updates = 1000000000
CPU time used  = 76.731186 seconds
Real time used = 76.731186 seconds
0.013032511 Billion(10^9) Updates    per second [GUP/s]
Found 2 errors in 8589934592 locations (passed).

--------------------------------------------------------------------------------
Running gups with numaopts <  --physcpubind=0-31 --interleave=0,1  >, started at Sat Jul 12 11:30:53 CDT 2014
Generated on 2014-07-12:16:30:53 GMT
Main table size   = 2^33 = 8589934592 words
Number of updates = 1000000000
CPU time used  = 82.196537 seconds
Real time used = 82.196538 seconds
0.012165963 Billion(10^9) Updates    per second [GUP/s]
Found 1 errors in 8589934592 locations (passed).

--------------------------------------------------------------------------------
Running gups with numaopts <  --physcpubind=0-31 --interleave=0,1  >, started at Sat Jul 12 11:33:12 CDT 2014
Generated on 2014-07-12:16:33:12 GMT
Main table size   = 2^33 = 8589934592 words
Number of updates = 1000000000
CPU time used  = 80.062514 seconds
Real time used = 80.062514 seconds
0.012490240 Billion(10^9) Updates    per second [GUP/s]
Found 1 errors in 8589934592 locations (passed).

--------------------------------------------------------------------------------
Running gups with numaopts <  --physcpubind=0-31 --interleave=0,1  >, started at Sat Jul 12 11:35:28 CDT 2014
Generated on 2014-07-12:16:35:28 GMT
Main table size   = 2^33 = 8589934592 words
Number of updates = 1000000000
CPU time used  = 78.769335 seconds
Real time used = 78.769335 seconds
0.012695296 Billion(10^9) Updates    per second [GUP/s]
Found 4 errors in 8589934592 locations (passed).

--------------------------------------------------------------------------------
Running gups with numaopts <  --physcpubind=0-31 --interleave=0,1  >, started at Sat Jul 12 11:37:43 CDT 2014
Generated on 2014-07-12:16:37:43 GMT
Main table size   = 2^33 = 8589934592 words
Number of updates = 1000000000
CPU time used  = 80.071720 seconds
Real time used = 80.071719 seconds
0.012488804 Billion(10^9) Updates    per second [GUP/s]
Found 2 errors in 8589934592 locations (passed).

--------------------------------------------------------------------------------
Running gups with numaopts <  --physcpubind=0-31 --interleave=0,1  >, started at Sat Jul 12 11:39:59 CDT 2014
Generated on 2014-07-12:16:39:59 GMT
Main table size   = 2^33 = 8589934592 words
Number of updates = 1000000000
CPU time used  = 80.064532 seconds
Real time used = 80.064532 seconds
0.012489925 Billion(10^9) Updates    per second [GUP/s]
Found 3 errors in 8589934592 locations (passed).

