Selecting previously unselected package libgomp1:amd64.
(Reading database ... 54322 files and directories currently installed.)
Unpacking libgomp1:amd64 (from .../libgomp1_4.8.1-10ubuntu9_amd64.deb) ...
Setting up libgomp1:amd64 (4.8.1-10ubuntu9) ...
Processing triggers for libc-bin ...
Generated on 2014-06-27:22:25:12 GMT
Main table size   = 2^33 = 8589934592 words
Number of updates = 100000000
CPU time used  = 3.650845 seconds
Real time used = 3.650850 seconds
0.027390881 Billion(10^9) Updates    per second [GUP/s]
Found 0 errors in 8589934592 locations (passed).
--------------------------------------------------------------------------------
Running gups, started at Mon Jun 30 12:49:37 CDT 2014
Selecting previously unselected package libgomp1:amd64.
(Reading database ... 54322 files and directories currently installed.)
Unpacking libgomp1:amd64 (from .../libgomp1_4.8.1-10ubuntu9_amd64.deb) ...
Setting up libgomp1:amd64 (4.8.1-10ubuntu9) ...
Processing triggers for libc-bin ...
Generated on 2014-06-30:17:49:44 GMT
Main table size   = 2^33 = 8589934592 words
Number of updates = 1000000000
CPU time used  = 34.072858 seconds
Real time used = 34.072863 seconds
0.029348869 Billion(10^9) Updates    per second [GUP/s]
Found 0 errors in 8589934592 locations (passed).

