--------------------------------------------------------------------------------
Running stream, started at Sat Jul 12 10:51:06 CDT 2014
Generated on 2014-07-12:15:51:06 GMT
-------------------------------------------------------------
This system uses 8 bytes per DOUBLE PRECISION word.
-------------------------------------------------------------
Array size = 1650163200, Offset = 0
Total memory required = 36.8840 GiB.
Each test is run 10 times, but only
the *best* time for each is used.
-------------------------------------------------------------
Number of Threads requested = 16
-------------------------------------------------------------
Your clock granularity/precision appears to be 1 microseconds.
Each test below will take on the order of 769104 microseconds.
   (= 769104 clock ticks)
Increase the size of the arrays if this shows that
you are not getting at least 20 clock ticks per test.
-------------------------------------------------------------
WARNING -- The above is only a rough guideline.
For best results, please be sure you know the
precision of your system timer.
-------------------------------------------------------------
Function      Rate (GB/s)   Avg time     Min time     Max time
Copy:          22.5308       1.1727       1.1718       1.1734
Scale:         22.5167       1.1734       1.1726       1.1738
Add:           25.1051       1.5782       1.5775       1.5792
Triad:         25.1303       1.5764       1.5759       1.5774
-------------------------------------------------------------
Results Comparison: 
        Expected  : 1153300781250.000000 230660156250.000000 307546875000.000000 
        Observed  : 1153300781250.000000 230660156250.000000 307546875000.000000 
Solution Validates
-------------------------------------------------------------

--------------------------------------------------------------------------------
Running stream, started at Sat Jul 12 10:52:09 CDT 2014
Generated on 2014-07-12:15:52:09 GMT
-------------------------------------------------------------
This system uses 8 bytes per DOUBLE PRECISION word.
-------------------------------------------------------------
Array size = 1650163200, Offset = 0
Total memory required = 36.8840 GiB.
Each test is run 10 times, but only
the *best* time for each is used.
-------------------------------------------------------------
Number of Threads requested = 16
-------------------------------------------------------------
Your clock granularity/precision appears to be 1 microseconds.
Each test below will take on the order of 768748 microseconds.
   (= 768748 clock ticks)
Increase the size of the arrays if this shows that
you are not getting at least 20 clock ticks per test.
-------------------------------------------------------------
WARNING -- The above is only a rough guideline.
For best results, please be sure you know the
precision of your system timer.
-------------------------------------------------------------
Function      Rate (GB/s)   Avg time     Min time     Max time
Copy:          22.5282       1.1727       1.1720       1.1734
Scale:         22.5182       1.1729       1.1725       1.1735
Add:           25.1187       1.5779       1.5767       1.5788
Triad:         25.1339       1.5767       1.5757       1.5772
-------------------------------------------------------------
Results Comparison: 
        Expected  : 1153300781250.000000 230660156250.000000 307546875000.000000 
        Observed  : 1153300781250.000000 230660156250.000000 307546875000.000000 
Solution Validates
-------------------------------------------------------------

--------------------------------------------------------------------------------
Running stream, started at Sat Jul 12 10:53:12 CDT 2014
Generated on 2014-07-12:15:53:12 GMT
-------------------------------------------------------------
This system uses 8 bytes per DOUBLE PRECISION word.
-------------------------------------------------------------
Array size = 1650163200, Offset = 0
Total memory required = 36.8840 GiB.
Each test is run 10 times, but only
the *best* time for each is used.
-------------------------------------------------------------
Number of Threads requested = 16
-------------------------------------------------------------
Your clock granularity/precision appears to be 1 microseconds.
Each test below will take on the order of 768560 microseconds.
   (= 768560 clock ticks)
Increase the size of the arrays if this shows that
you are not getting at least 20 clock ticks per test.
-------------------------------------------------------------
WARNING -- The above is only a rough guideline.
For best results, please be sure you know the
precision of your system timer.
-------------------------------------------------------------
Function      Rate (GB/s)   Avg time     Min time     Max time
Copy:          22.5184       1.1729       1.1725       1.1736
Scale:         22.5151       1.1729       1.1727       1.1734
Add:           25.1184       1.5781       1.5767       1.5791
Triad:         25.1426       1.5759       1.5752       1.5771
-------------------------------------------------------------
Results Comparison: 
        Expected  : 1153300781250.000000 230660156250.000000 307546875000.000000 
        Observed  : 1153300781250.000000 230660156250.000000 307546875000.000000 
Solution Validates
-------------------------------------------------------------

--------------------------------------------------------------------------------
Running stream, started at Sat Jul 12 10:54:15 CDT 2014
Generated on 2014-07-12:15:54:15 GMT
-------------------------------------------------------------
This system uses 8 bytes per DOUBLE PRECISION word.
-------------------------------------------------------------
Array size = 1650163200, Offset = 0
Total memory required = 36.8840 GiB.
Each test is run 10 times, but only
the *best* time for each is used.
-------------------------------------------------------------
Number of Threads requested = 16
-------------------------------------------------------------
Your clock granularity/precision appears to be 1 microseconds.
Each test below will take on the order of 768618 microseconds.
   (= 768618 clock ticks)
Increase the size of the arrays if this shows that
you are not getting at least 20 clock ticks per test.
-------------------------------------------------------------
WARNING -- The above is only a rough guideline.
For best results, please be sure you know the
precision of your system timer.
-------------------------------------------------------------
Function      Rate (GB/s)   Avg time     Min time     Max time
Copy:          22.5162       1.1732       1.1726       1.1737
Scale:         22.5127       1.1731       1.1728       1.1733
Add:           25.1332       1.5772       1.5758       1.5782
Triad:         25.1424       1.5762       1.5752       1.5768
-------------------------------------------------------------
Results Comparison: 
        Expected  : 1153300781250.000000 230660156250.000000 307546875000.000000 
        Observed  : 1153300781250.000000 230660156250.000000 307546875000.000000 
Solution Validates
-------------------------------------------------------------

--------------------------------------------------------------------------------
Running stream, started at Sat Jul 12 10:55:18 CDT 2014
Generated on 2014-07-12:15:55:18 GMT
-------------------------------------------------------------
This system uses 8 bytes per DOUBLE PRECISION word.
-------------------------------------------------------------
Array size = 1650163200, Offset = 0
Total memory required = 36.8840 GiB.
Each test is run 10 times, but only
the *best* time for each is used.
-------------------------------------------------------------
Number of Threads requested = 16
-------------------------------------------------------------
Your clock granularity/precision appears to be 1 microseconds.
Each test below will take on the order of 767178 microseconds.
   (= 767178 clock ticks)
Increase the size of the arrays if this shows that
you are not getting at least 20 clock ticks per test.
-------------------------------------------------------------
WARNING -- The above is only a rough guideline.
For best results, please be sure you know the
precision of your system timer.
-------------------------------------------------------------
Function      Rate (GB/s)   Avg time     Min time     Max time
Copy:          22.5102       1.1735       1.1729       1.1738
Scale:         22.5213       1.1729       1.1723       1.1732
Add:           25.1003       1.5782       1.5778       1.5786
Triad:         25.1356       1.5762       1.5756       1.5772
-------------------------------------------------------------
Results Comparison: 
        Expected  : 1153300781250.000000 230660156250.000000 307546875000.000000 
        Observed  : 1153300781250.000000 230660156250.000000 307546875000.000000 
Solution Validates
-------------------------------------------------------------

--------------------------------------------------------------------------------
Running stream, started at Sat Jul 12 10:56:21 CDT 2014
Generated on 2014-07-12:15:56:21 GMT
-------------------------------------------------------------
This system uses 8 bytes per DOUBLE PRECISION word.
-------------------------------------------------------------
Array size = 1650163200, Offset = 0
Total memory required = 36.8840 GiB.
Each test is run 10 times, but only
the *best* time for each is used.
-------------------------------------------------------------
Number of Threads requested = 16
-------------------------------------------------------------
Your clock granularity/precision appears to be 1 microseconds.
Each test below will take on the order of 768796 microseconds.
   (= 768796 clock ticks)
Increase the size of the arrays if this shows that
you are not getting at least 20 clock ticks per test.
-------------------------------------------------------------
WARNING -- The above is only a rough guideline.
For best results, please be sure you know the
precision of your system timer.
-------------------------------------------------------------
Function      Rate (GB/s)   Avg time     Min time     Max time
Copy:          22.5229       1.1730       1.1723       1.1736
Scale:         22.5209       1.1728       1.1724       1.1735
Add:           25.1209       1.5776       1.5765       1.5784
Triad:         25.1394       1.5765       1.5754       1.5775
-------------------------------------------------------------
Results Comparison: 
        Expected  : 1153300781250.000000 230660156250.000000 307546875000.000000 
        Observed  : 1153300781250.000000 230660156250.000000 307546875000.000000 
Solution Validates
-------------------------------------------------------------

--------------------------------------------------------------------------------
Running stream, started at Sat Jul 12 10:57:24 CDT 2014
Generated on 2014-07-12:15:57:24 GMT
-------------------------------------------------------------
This system uses 8 bytes per DOUBLE PRECISION word.
-------------------------------------------------------------
Array size = 1650163200, Offset = 0
Total memory required = 36.8840 GiB.
Each test is run 10 times, but only
the *best* time for each is used.
-------------------------------------------------------------
Number of Threads requested = 16
-------------------------------------------------------------
Your clock granularity/precision appears to be 1 microseconds.
Each test below will take on the order of 768759 microseconds.
   (= 768759 clock ticks)
Increase the size of the arrays if this shows that
you are not getting at least 20 clock ticks per test.
-------------------------------------------------------------
WARNING -- The above is only a rough guideline.
For best results, please be sure you know the
precision of your system timer.
-------------------------------------------------------------
Function      Rate (GB/s)   Avg time     Min time     Max time
Copy:          22.5218       1.1729       1.1723       1.1735
Scale:         22.5124       1.1734       1.1728       1.1739
Add:           25.1212       1.5778       1.5765       1.5788
Triad:         25.1594       1.5763       1.5741       1.5774
-------------------------------------------------------------
Results Comparison: 
        Expected  : 1153300781250.000000 230660156250.000000 307546875000.000000 
        Observed  : 1153300781250.000000 230660156250.000000 307546875000.000000 
Solution Validates
-------------------------------------------------------------

--------------------------------------------------------------------------------
Running stream, started at Sat Jul 12 10:58:27 CDT 2014
Generated on 2014-07-12:15:58:27 GMT
-------------------------------------------------------------
This system uses 8 bytes per DOUBLE PRECISION word.
-------------------------------------------------------------
Array size = 1650163200, Offset = 0
Total memory required = 36.8840 GiB.
Each test is run 10 times, but only
the *best* time for each is used.
-------------------------------------------------------------
Number of Threads requested = 16
-------------------------------------------------------------
Your clock granularity/precision appears to be 1 microseconds.
Each test below will take on the order of 768614 microseconds.
   (= 768614 clock ticks)
Increase the size of the arrays if this shows that
you are not getting at least 20 clock ticks per test.
-------------------------------------------------------------
WARNING -- The above is only a rough guideline.
For best results, please be sure you know the
precision of your system timer.
-------------------------------------------------------------
Function      Rate (GB/s)   Avg time     Min time     Max time
Copy:          22.5191       1.1730       1.1725       1.1733
Scale:         22.5332       1.1721       1.1717       1.1726
Add:           25.1240       1.5771       1.5763       1.5780
Triad:         25.1510       1.5757       1.5746       1.5764
-------------------------------------------------------------
Results Comparison: 
        Expected  : 1153300781250.000000 230660156250.000000 307546875000.000000 
        Observed  : 1153300781250.000000 230660156250.000000 307546875000.000000 
Solution Validates
-------------------------------------------------------------

--------------------------------------------------------------------------------
Running stream, started at Sat Jul 12 10:59:30 CDT 2014
Generated on 2014-07-12:15:59:30 GMT
-------------------------------------------------------------
This system uses 8 bytes per DOUBLE PRECISION word.
-------------------------------------------------------------
Array size = 1650163200, Offset = 0
Total memory required = 36.8840 GiB.
Each test is run 10 times, but only
the *best* time for each is used.
-------------------------------------------------------------
Number of Threads requested = 16
-------------------------------------------------------------
Your clock granularity/precision appears to be 1 microseconds.
Each test below will take on the order of 767849 microseconds.
   (= 767849 clock ticks)
Increase the size of the arrays if this shows that
you are not getting at least 20 clock ticks per test.
-------------------------------------------------------------
WARNING -- The above is only a rough guideline.
For best results, please be sure you know the
precision of your system timer.
-------------------------------------------------------------
Function      Rate (GB/s)   Avg time     Min time     Max time
Copy:          22.5172       1.1731       1.1726       1.1735
Scale:         22.5247       1.1724       1.1722       1.1727
Add:           25.1276       1.5771       1.5761       1.5781
Triad:         25.1512       1.5752       1.5746       1.5761
-------------------------------------------------------------
Results Comparison: 
        Expected  : 1153300781250.000000 230660156250.000000 307546875000.000000 
        Observed  : 1153300781250.000000 230660156250.000000 307546875000.000000 
Solution Validates
-------------------------------------------------------------

--------------------------------------------------------------------------------
Running stream, started at Sat Jul 12 11:00:33 CDT 2014
Generated on 2014-07-12:16:00:33 GMT
-------------------------------------------------------------
This system uses 8 bytes per DOUBLE PRECISION word.
-------------------------------------------------------------
Array size = 1650163200, Offset = 0
Total memory required = 36.8840 GiB.
Each test is run 10 times, but only
the *best* time for each is used.
-------------------------------------------------------------
Number of Threads requested = 16
-------------------------------------------------------------
Your clock granularity/precision appears to be 1 microseconds.
Each test below will take on the order of 768322 microseconds.
   (= 768322 clock ticks)
Increase the size of the arrays if this shows that
you are not getting at least 20 clock ticks per test.
-------------------------------------------------------------
WARNING -- The above is only a rough guideline.
For best results, please be sure you know the
precision of your system timer.
-------------------------------------------------------------
Function      Rate (GB/s)   Avg time     Min time     Max time
Copy:          22.5305       1.1726       1.1719       1.1731
Scale:         22.5289       1.1725       1.1719       1.1732
Add:           25.1304       1.5773       1.5759       1.5783
Triad:         25.1474       1.5755       1.5749       1.5763
-------------------------------------------------------------
Results Comparison: 
        Expected  : 1153300781250.000000 230660156250.000000 307546875000.000000 
        Observed  : 1153300781250.000000 230660156250.000000 307546875000.000000 
Solution Validates
-------------------------------------------------------------

