--------------------------------------------------------------------------------
Running stream, started at Sat Jul 12 10:20:42 CDT 2014
Generated on 2014-07-12:15:20:42 GMT
-------------------------------------------------------------
This system uses 8 bytes per DOUBLE PRECISION word.
-------------------------------------------------------------
Array size = 1650163200, Offset = 0
Total memory required = 36.8840 GiB.
Each test is run 10 times, but only
the *best* time for each is used.
-------------------------------------------------------------
Number of Threads requested = 32
-------------------------------------------------------------
Your clock granularity/precision appears to be 1 microseconds.
Each test below will take on the order of 424195 microseconds.
   (= 424195 clock ticks)
Increase the size of the arrays if this shows that
you are not getting at least 20 clock ticks per test.
-------------------------------------------------------------
WARNING -- The above is only a rough guideline.
For best results, please be sure you know the
precision of your system timer.
-------------------------------------------------------------
Function      Rate (GB/s)   Avg time     Min time     Max time
Copy:          41.2004       0.6420       0.6408       0.6428
Scale:         41.2244       0.6413       0.6405       0.6422
Add:           45.6811       0.8698       0.8670       0.8728
Triad:         45.5438       0.8716       0.8696       0.8750
-------------------------------------------------------------
Results Comparison: 
        Expected  : 1153300781250.000000 230660156250.000000 307546875000.000000 
        Observed  : 1153300781250.000000 230660156250.000000 307546875000.000000 
Solution Validates
-------------------------------------------------------------

--------------------------------------------------------------------------------
Running stream, started at Sat Jul 12 10:21:19 CDT 2014
Generated on 2014-07-12:15:21:19 GMT
-------------------------------------------------------------
This system uses 8 bytes per DOUBLE PRECISION word.
-------------------------------------------------------------
Array size = 1650163200, Offset = 0
Total memory required = 36.8840 GiB.
Each test is run 10 times, but only
the *best* time for each is used.
-------------------------------------------------------------
Number of Threads requested = 32
-------------------------------------------------------------
Your clock granularity/precision appears to be 1 microseconds.
Each test below will take on the order of 422904 microseconds.
   (= 422904 clock ticks)
Increase the size of the arrays if this shows that
you are not getting at least 20 clock ticks per test.
-------------------------------------------------------------
WARNING -- The above is only a rough guideline.
For best results, please be sure you know the
precision of your system timer.
-------------------------------------------------------------
Function      Rate (GB/s)   Avg time     Min time     Max time
Copy:          41.2677       0.6448       0.6398       0.6488
Scale:         41.2896       0.6410       0.6394       0.6431
Add:           46.3557       0.8555       0.8543       0.8564
Triad:         44.7383       0.8973       0.8852       0.9088
-------------------------------------------------------------
Results Comparison: 
        Expected  : 1153300781250.000000 230660156250.000000 307546875000.000000 
        Observed  : 1153300781250.000000 230660156250.000000 307546875000.000000 
Solution Validates
-------------------------------------------------------------

--------------------------------------------------------------------------------
Running stream, started at Sat Jul 12 10:21:56 CDT 2014
Generated on 2014-07-12:15:21:56 GMT
-------------------------------------------------------------
This system uses 8 bytes per DOUBLE PRECISION word.
-------------------------------------------------------------
Array size = 1650163200, Offset = 0
Total memory required = 36.8840 GiB.
Each test is run 10 times, but only
the *best* time for each is used.
-------------------------------------------------------------
Number of Threads requested = 32
-------------------------------------------------------------
Your clock granularity/precision appears to be 1 microseconds.
Each test below will take on the order of 427572 microseconds.
   (= 427572 clock ticks)
Increase the size of the arrays if this shows that
you are not getting at least 20 clock ticks per test.
-------------------------------------------------------------
WARNING -- The above is only a rough guideline.
For best results, please be sure you know the
precision of your system timer.
-------------------------------------------------------------
Function      Rate (GB/s)   Avg time     Min time     Max time
Copy:          41.2564       0.6445       0.6400       0.6687
Scale:         41.2536       0.6412       0.6400       0.6432
Add:           45.7249       0.8680       0.8661       0.8723
Triad:         45.6756       0.8684       0.8671       0.8704
-------------------------------------------------------------
Results Comparison: 
        Expected  : 1153300781250.000000 230660156250.000000 307546875000.000000 
        Observed  : 1153300781250.000000 230660156250.000000 307546875000.000000 
Solution Validates
-------------------------------------------------------------

--------------------------------------------------------------------------------
Running stream, started at Sat Jul 12 10:22:33 CDT 2014
Generated on 2014-07-12:15:22:33 GMT
-------------------------------------------------------------
This system uses 8 bytes per DOUBLE PRECISION word.
-------------------------------------------------------------
Array size = 1650163200, Offset = 0
Total memory required = 36.8840 GiB.
Each test is run 10 times, but only
the *best* time for each is used.
-------------------------------------------------------------
Number of Threads requested = 32
-------------------------------------------------------------
Your clock granularity/precision appears to be 1 microseconds.
Each test below will take on the order of 423094 microseconds.
   (= 423094 clock ticks)
Increase the size of the arrays if this shows that
you are not getting at least 20 clock ticks per test.
-------------------------------------------------------------
WARNING -- The above is only a rough guideline.
For best results, please be sure you know the
precision of your system timer.
-------------------------------------------------------------
Function      Rate (GB/s)   Avg time     Min time     Max time
Copy:          41.2178       0.6426       0.6406       0.6508
Scale:         41.3130       0.6415       0.6391       0.6435
Add:           45.6905       0.8685       0.8668       0.8724
Triad:         45.6359       0.8724       0.8678       0.8831
-------------------------------------------------------------
Results Comparison: 
        Expected  : 1153300781250.000000 230660156250.000000 307546875000.000000 
        Observed  : 1153300781250.000000 230660156250.000000 307546875000.000000 
Solution Validates
-------------------------------------------------------------

--------------------------------------------------------------------------------
Running stream, started at Sat Jul 12 10:23:09 CDT 2014
Generated on 2014-07-12:15:23:10 GMT
-------------------------------------------------------------
This system uses 8 bytes per DOUBLE PRECISION word.
-------------------------------------------------------------
Array size = 1650163200, Offset = 0
Total memory required = 36.8840 GiB.
Each test is run 10 times, but only
the *best* time for each is used.
-------------------------------------------------------------
Number of Threads requested = 32
-------------------------------------------------------------
Your clock granularity/precision appears to be 1 microseconds.
Each test below will take on the order of 424208 microseconds.
   (= 424208 clock ticks)
Increase the size of the arrays if this shows that
you are not getting at least 20 clock ticks per test.
-------------------------------------------------------------
WARNING -- The above is only a rough guideline.
For best results, please be sure you know the
precision of your system timer.
-------------------------------------------------------------
Function      Rate (GB/s)   Avg time     Min time     Max time
Copy:          41.1421       0.6428       0.6417       0.6448
Scale:         41.1569       0.6426       0.6415       0.6442
Add:           45.6823       0.8703       0.8669       0.8736
Triad:         45.5940       0.8723       0.8686       0.8777
-------------------------------------------------------------
Results Comparison: 
        Expected  : 1153300781250.000000 230660156250.000000 307546875000.000000 
        Observed  : 1153300781250.000000 230660156250.000000 307546875000.000000 
Solution Validates
-------------------------------------------------------------

--------------------------------------------------------------------------------
Running stream, started at Sat Jul 12 10:23:46 CDT 2014
Generated on 2014-07-12:15:23:46 GMT
-------------------------------------------------------------
This system uses 8 bytes per DOUBLE PRECISION word.
-------------------------------------------------------------
Array size = 1650163200, Offset = 0
Total memory required = 36.8840 GiB.
Each test is run 10 times, but only
the *best* time for each is used.
-------------------------------------------------------------
Number of Threads requested = 32
-------------------------------------------------------------
Your clock granularity/precision appears to be 1 microseconds.
Each test below will take on the order of 422163 microseconds.
   (= 422163 clock ticks)
Increase the size of the arrays if this shows that
you are not getting at least 20 clock ticks per test.
-------------------------------------------------------------
WARNING -- The above is only a rough guideline.
For best results, please be sure you know the
precision of your system timer.
-------------------------------------------------------------
Function      Rate (GB/s)   Avg time     Min time     Max time
Copy:          41.0033       0.6490       0.6439       0.6530
Scale:         41.3032       0.6415       0.6392       0.6437
Add:           46.3669       0.8553       0.8541       0.8579
Triad:         45.0512       0.8894       0.8791       0.9003
-------------------------------------------------------------
Results Comparison: 
        Expected  : 1153300781250.000000 230660156250.000000 307546875000.000000 
        Observed  : 1153300781250.000000 230660156250.000000 307546875000.000000 
Solution Validates
-------------------------------------------------------------

--------------------------------------------------------------------------------
Running stream, started at Sat Jul 12 10:24:23 CDT 2014
Generated on 2014-07-12:15:24:23 GMT
-------------------------------------------------------------
This system uses 8 bytes per DOUBLE PRECISION word.
-------------------------------------------------------------
Array size = 1650163200, Offset = 0
Total memory required = 36.8840 GiB.
Each test is run 10 times, but only
the *best* time for each is used.
-------------------------------------------------------------
Number of Threads requested = 32
-------------------------------------------------------------
Your clock granularity/precision appears to be 1 microseconds.
Each test below will take on the order of 423951 microseconds.
   (= 423951 clock ticks)
Increase the size of the arrays if this shows that
you are not getting at least 20 clock ticks per test.
-------------------------------------------------------------
WARNING -- The above is only a rough guideline.
For best results, please be sure you know the
precision of your system timer.
-------------------------------------------------------------
Function      Rate (GB/s)   Avg time     Min time     Max time
Copy:          41.1817       0.6456       0.6411       0.6518
Scale:         41.2127       0.6478       0.6406       0.6513
Add:           44.3481       0.8979       0.8930       0.9046
Triad:         46.4204       0.8555       0.8532       0.8572
-------------------------------------------------------------
Results Comparison: 
        Expected  : 1153300781250.000000 230660156250.000000 307546875000.000000 
        Observed  : 1153300781250.000000 230660156250.000000 307546875000.000000 
Solution Validates
-------------------------------------------------------------

--------------------------------------------------------------------------------
Running stream, started at Sat Jul 12 10:25:00 CDT 2014
Generated on 2014-07-12:15:25:00 GMT
-------------------------------------------------------------
This system uses 8 bytes per DOUBLE PRECISION word.
-------------------------------------------------------------
Array size = 1650163200, Offset = 0
Total memory required = 36.8840 GiB.
Each test is run 10 times, but only
the *best* time for each is used.
-------------------------------------------------------------
Number of Threads requested = 32
-------------------------------------------------------------
Your clock granularity/precision appears to be 1 microseconds.
Each test below will take on the order of 421922 microseconds.
   (= 421922 clock ticks)
Increase the size of the arrays if this shows that
you are not getting at least 20 clock ticks per test.
-------------------------------------------------------------
WARNING -- The above is only a rough guideline.
For best results, please be sure you know the
precision of your system timer.
-------------------------------------------------------------
Function      Rate (GB/s)   Avg time     Min time     Max time
Copy:          41.1740       0.6428       0.6412       0.6442
Scale:         41.2266       0.6419       0.6404       0.6433
Add:           45.6813       0.8719       0.8670       0.8854
Triad:         45.5886       0.8720       0.8687       0.8746
-------------------------------------------------------------
Results Comparison: 
        Expected  : 1153300781250.000000 230660156250.000000 307546875000.000000 
        Observed  : 1153300781250.000000 230660156250.000000 307546875000.000000 
Solution Validates
-------------------------------------------------------------

--------------------------------------------------------------------------------
Running stream, started at Sat Jul 12 10:25:37 CDT 2014
Generated on 2014-07-12:15:25:37 GMT
-------------------------------------------------------------
This system uses 8 bytes per DOUBLE PRECISION word.
-------------------------------------------------------------
Array size = 1650163200, Offset = 0
Total memory required = 36.8840 GiB.
Each test is run 10 times, but only
the *best* time for each is used.
-------------------------------------------------------------
Number of Threads requested = 32
-------------------------------------------------------------
Your clock granularity/precision appears to be 1 microseconds.
Each test below will take on the order of 422102 microseconds.
   (= 422102 clock ticks)
Increase the size of the arrays if this shows that
you are not getting at least 20 clock ticks per test.
-------------------------------------------------------------
WARNING -- The above is only a rough guideline.
For best results, please be sure you know the
precision of your system timer.
-------------------------------------------------------------
Function      Rate (GB/s)   Avg time     Min time     Max time
Copy:          41.2351       0.6431       0.6403       0.6539
Scale:         41.1362       0.6426       0.6418       0.6440
Add:           45.6518       0.8689       0.8675       0.8716
Triad:         45.6422       0.8697       0.8677       0.8717
-------------------------------------------------------------
Results Comparison: 
        Expected  : 1153300781250.000000 230660156250.000000 307546875000.000000 
        Observed  : 1153300781250.000000 230660156250.000000 307546875000.000000 
Solution Validates
-------------------------------------------------------------

--------------------------------------------------------------------------------
Running stream, started at Sat Jul 12 10:26:14 CDT 2014
Generated on 2014-07-12:15:26:14 GMT
-------------------------------------------------------------
This system uses 8 bytes per DOUBLE PRECISION word.
-------------------------------------------------------------
Array size = 1650163200, Offset = 0
Total memory required = 36.8840 GiB.
Each test is run 10 times, but only
the *best* time for each is used.
-------------------------------------------------------------
Number of Threads requested = 32
-------------------------------------------------------------
Your clock granularity/precision appears to be 1 microseconds.
Each test below will take on the order of 422942 microseconds.
   (= 422942 clock ticks)
Increase the size of the arrays if this shows that
you are not getting at least 20 clock ticks per test.
-------------------------------------------------------------
WARNING -- The above is only a rough guideline.
For best results, please be sure you know the
precision of your system timer.
-------------------------------------------------------------
Function      Rate (GB/s)   Avg time     Min time     Max time
Copy:          41.3375       0.6448       0.6387       0.6507
Scale:         41.2299       0.6443       0.6404       0.6516
Add:           45.0453       0.8903       0.8792       0.8972
Triad:         46.4165       0.8562       0.8532       0.8607
-------------------------------------------------------------
Results Comparison: 
        Expected  : 1153300781250.000000 230660156250.000000 307546875000.000000 
        Observed  : 1153300781250.000000 230660156250.000000 307546875000.000000 
Solution Validates
-------------------------------------------------------------

