--------------------------------------------------------------------------------
Running stream with numaopts <  --physcpubind=0-7,16-23 --localalloc  >, started at Sat Jul 12 10:40:41 CDT 2014
Generated on 2014-07-12:15:40:41 GMT
-------------------------------------------------------------
This system uses 8 bytes per DOUBLE PRECISION word.
-------------------------------------------------------------
Array size = 1650163200, Offset = 0
Total memory required = 36.8840 GiB.
Each test is run 10 times, but only
the *best* time for each is used.
-------------------------------------------------------------
Number of Threads requested = 16
-------------------------------------------------------------
Your clock granularity/precision appears to be 1 microseconds.
Each test below will take on the order of 766069 microseconds.
   (= 766069 clock ticks)
Increase the size of the arrays if this shows that
you are not getting at least 20 clock ticks per test.
-------------------------------------------------------------
WARNING -- The above is only a rough guideline.
For best results, please be sure you know the
precision of your system timer.
-------------------------------------------------------------
Function      Rate (GB/s)   Avg time     Min time     Max time
Copy:          22.5193       1.1727       1.1724       1.1731
Scale:         22.5310       1.1723       1.1718       1.1730
Add:           25.1215       1.5773       1.5765       1.5788
Triad:         25.1559       1.5752       1.5743       1.5761
-------------------------------------------------------------
Results Comparison: 
        Expected  : 1153300781250.000000 230660156250.000000 307546875000.000000 
        Observed  : 1153300781250.000000 230660156250.000000 307546875000.000000 
Solution Validates
-------------------------------------------------------------

--------------------------------------------------------------------------------
Running stream with numaopts <  --physcpubind=0-7,16-23 --localalloc  >, started at Sat Jul 12 10:41:44 CDT 2014
Generated on 2014-07-12:15:41:44 GMT
-------------------------------------------------------------
This system uses 8 bytes per DOUBLE PRECISION word.
-------------------------------------------------------------
Array size = 1650163200, Offset = 0
Total memory required = 36.8840 GiB.
Each test is run 10 times, but only
the *best* time for each is used.
-------------------------------------------------------------
Number of Threads requested = 16
-------------------------------------------------------------
Your clock granularity/precision appears to be 1 microseconds.
Each test below will take on the order of 767830 microseconds.
   (= 767830 clock ticks)
Increase the size of the arrays if this shows that
you are not getting at least 20 clock ticks per test.
-------------------------------------------------------------
WARNING -- The above is only a rough guideline.
For best results, please be sure you know the
precision of your system timer.
-------------------------------------------------------------
Function      Rate (GB/s)   Avg time     Min time     Max time
Copy:          22.5378       1.1721       1.1715       1.1729
Scale:         22.5296       1.1728       1.1719       1.1735
Add:           25.1379       1.5764       1.5755       1.5772
Triad:         25.1684       1.5745       1.5736       1.5749
-------------------------------------------------------------
Results Comparison: 
        Expected  : 1153300781250.000000 230660156250.000000 307546875000.000000 
        Observed  : 1153300781250.000000 230660156250.000000 307546875000.000000 
Solution Validates
-------------------------------------------------------------

--------------------------------------------------------------------------------
Running stream with numaopts <  --physcpubind=0-7,16-23 --localalloc  >, started at Sat Jul 12 10:42:46 CDT 2014
Generated on 2014-07-12:15:42:46 GMT
-------------------------------------------------------------
This system uses 8 bytes per DOUBLE PRECISION word.
-------------------------------------------------------------
Array size = 1650163200, Offset = 0
Total memory required = 36.8840 GiB.
Each test is run 10 times, but only
the *best* time for each is used.
-------------------------------------------------------------
Number of Threads requested = 16
-------------------------------------------------------------
Your clock granularity/precision appears to be 1 microseconds.
Each test below will take on the order of 769092 microseconds.
   (= 769092 clock ticks)
Increase the size of the arrays if this shows that
you are not getting at least 20 clock ticks per test.
-------------------------------------------------------------
WARNING -- The above is only a rough guideline.
For best results, please be sure you know the
precision of your system timer.
-------------------------------------------------------------
Function      Rate (GB/s)   Avg time     Min time     Max time
Copy:          22.5145       1.1737       1.1727       1.1741
Scale:         22.5199       1.1730       1.1724       1.1737
Add:           25.1102       1.5781       1.5772       1.5787
Triad:         25.1357       1.5764       1.5756       1.5772
-------------------------------------------------------------
Results Comparison: 
        Expected  : 1153300781250.000000 230660156250.000000 307546875000.000000 
        Observed  : 1153300781250.000000 230660156250.000000 307546875000.000000 
Solution Validates
-------------------------------------------------------------

--------------------------------------------------------------------------------
Running stream with numaopts <  --physcpubind=0-7,16-23 --localalloc  >, started at Sat Jul 12 10:43:49 CDT 2014
Generated on 2014-07-12:15:43:49 GMT
-------------------------------------------------------------
This system uses 8 bytes per DOUBLE PRECISION word.
-------------------------------------------------------------
Array size = 1650163200, Offset = 0
Total memory required = 36.8840 GiB.
Each test is run 10 times, but only
the *best* time for each is used.
-------------------------------------------------------------
Number of Threads requested = 16
-------------------------------------------------------------
Your clock granularity/precision appears to be 1 microseconds.
Each test below will take on the order of 767788 microseconds.
   (= 767788 clock ticks)
Increase the size of the arrays if this shows that
you are not getting at least 20 clock ticks per test.
-------------------------------------------------------------
WARNING -- The above is only a rough guideline.
For best results, please be sure you know the
precision of your system timer.
-------------------------------------------------------------
Function      Rate (GB/s)   Avg time     Min time     Max time
Copy:          22.5363       1.1725       1.1716       1.1734
Scale:         22.5324       1.1723       1.1718       1.1728
Add:           25.1277       1.5777       1.5761       1.5787
Triad:         25.1470       1.5754       1.5749       1.5759
-------------------------------------------------------------
Results Comparison: 
        Expected  : 1153300781250.000000 230660156250.000000 307546875000.000000 
        Observed  : 1153300781250.000000 230660156250.000000 307546875000.000000 
Solution Validates
-------------------------------------------------------------

--------------------------------------------------------------------------------
Running stream with numaopts <  --physcpubind=0-7,16-23 --localalloc  >, started at Sat Jul 12 10:44:51 CDT 2014
Generated on 2014-07-12:15:44:51 GMT
-------------------------------------------------------------
This system uses 8 bytes per DOUBLE PRECISION word.
-------------------------------------------------------------
Array size = 1650163200, Offset = 0
Total memory required = 36.8840 GiB.
Each test is run 10 times, but only
the *best* time for each is used.
-------------------------------------------------------------
Number of Threads requested = 16
-------------------------------------------------------------
Your clock granularity/precision appears to be 1 microseconds.
Each test below will take on the order of 768767 microseconds.
   (= 768767 clock ticks)
Increase the size of the arrays if this shows that
you are not getting at least 20 clock ticks per test.
-------------------------------------------------------------
WARNING -- The above is only a rough guideline.
For best results, please be sure you know the
precision of your system timer.
-------------------------------------------------------------
Function      Rate (GB/s)   Avg time     Min time     Max time
Copy:          22.5350       1.1723       1.1716       1.1730
Scale:         22.5514       1.1720       1.1708       1.1728
Add:           25.1310       1.5767       1.5759       1.5780
Triad:         25.1530       1.5753       1.5745       1.5758
-------------------------------------------------------------
Results Comparison: 
        Expected  : 1153300781250.000000 230660156250.000000 307546875000.000000 
        Observed  : 1153300781250.000000 230660156250.000000 307546875000.000000 
Solution Validates
-------------------------------------------------------------

--------------------------------------------------------------------------------
Running stream with numaopts <  --physcpubind=0-7,16-23 --localalloc  >, started at Sat Jul 12 10:45:53 CDT 2014
Generated on 2014-07-12:15:45:53 GMT
-------------------------------------------------------------
This system uses 8 bytes per DOUBLE PRECISION word.
-------------------------------------------------------------
Array size = 1650163200, Offset = 0
Total memory required = 36.8840 GiB.
Each test is run 10 times, but only
the *best* time for each is used.
-------------------------------------------------------------
Number of Threads requested = 16
-------------------------------------------------------------
Your clock granularity/precision appears to be 1 microseconds.
Each test below will take on the order of 769294 microseconds.
   (= 769294 clock ticks)
Increase the size of the arrays if this shows that
you are not getting at least 20 clock ticks per test.
-------------------------------------------------------------
WARNING -- The above is only a rough guideline.
For best results, please be sure you know the
precision of your system timer.
-------------------------------------------------------------
Function      Rate (GB/s)   Avg time     Min time     Max time
Copy:          22.5377       1.1723       1.1715       1.1730
Scale:         22.5283       1.1722       1.1720       1.1725
Add:           25.1280       1.5770       1.5761       1.5776
Triad:         25.1501       1.5757       1.5747       1.5762
-------------------------------------------------------------
Results Comparison: 
        Expected  : 1153300781250.000000 230660156250.000000 307546875000.000000 
        Observed  : 1153300781250.000000 230660156250.000000 307546875000.000000 
Solution Validates
-------------------------------------------------------------

--------------------------------------------------------------------------------
Running stream with numaopts <  --physcpubind=0-7,16-23 --localalloc  >, started at Sat Jul 12 10:46:56 CDT 2014
Generated on 2014-07-12:15:46:56 GMT
-------------------------------------------------------------
This system uses 8 bytes per DOUBLE PRECISION word.
-------------------------------------------------------------
Array size = 1650163200, Offset = 0
Total memory required = 36.8840 GiB.
Each test is run 10 times, but only
the *best* time for each is used.
-------------------------------------------------------------
Number of Threads requested = 16
-------------------------------------------------------------
Your clock granularity/precision appears to be 1 microseconds.
Each test below will take on the order of 766432 microseconds.
   (= 766432 clock ticks)
Increase the size of the arrays if this shows that
you are not getting at least 20 clock ticks per test.
-------------------------------------------------------------
WARNING -- The above is only a rough guideline.
For best results, please be sure you know the
precision of your system timer.
-------------------------------------------------------------
Function      Rate (GB/s)   Avg time     Min time     Max time
Copy:          22.5217       1.1729       1.1723       1.1736
Scale:         22.5373       1.1721       1.1715       1.1731
Add:           25.1257       1.5769       1.5762       1.5777
Triad:         25.1626       1.5749       1.5739       1.5757
-------------------------------------------------------------
Results Comparison: 
        Expected  : 1153300781250.000000 230660156250.000000 307546875000.000000 
        Observed  : 1153300781250.000000 230660156250.000000 307546875000.000000 
Solution Validates
-------------------------------------------------------------

--------------------------------------------------------------------------------
Running stream with numaopts <  --physcpubind=0-7,16-23 --localalloc  >, started at Sat Jul 12 10:47:58 CDT 2014
Generated on 2014-07-12:15:47:58 GMT
-------------------------------------------------------------
This system uses 8 bytes per DOUBLE PRECISION word.
-------------------------------------------------------------
Array size = 1650163200, Offset = 0
Total memory required = 36.8840 GiB.
Each test is run 10 times, but only
the *best* time for each is used.
-------------------------------------------------------------
Number of Threads requested = 16
-------------------------------------------------------------
Your clock granularity/precision appears to be 1 microseconds.
Each test below will take on the order of 768246 microseconds.
   (= 768246 clock ticks)
Increase the size of the arrays if this shows that
you are not getting at least 20 clock ticks per test.
-------------------------------------------------------------
WARNING -- The above is only a rough guideline.
For best results, please be sure you know the
precision of your system timer.
-------------------------------------------------------------
Function      Rate (GB/s)   Avg time     Min time     Max time
Copy:          22.5262       1.1726       1.1721       1.1734
Scale:         22.5184       1.1730       1.1725       1.1738
Add:           25.1241       1.5772       1.5763       1.5781
Triad:         25.1508       1.5754       1.5747       1.5763
-------------------------------------------------------------
Results Comparison: 
        Expected  : 1153300781250.000000 230660156250.000000 307546875000.000000 
        Observed  : 1153300781250.000000 230660156250.000000 307546875000.000000 
Solution Validates
-------------------------------------------------------------

--------------------------------------------------------------------------------
Running stream with numaopts <  --physcpubind=0-7,16-23 --localalloc  >, started at Sat Jul 12 10:49:01 CDT 2014
Generated on 2014-07-12:15:49:01 GMT
-------------------------------------------------------------
This system uses 8 bytes per DOUBLE PRECISION word.
-------------------------------------------------------------
Array size = 1650163200, Offset = 0
Total memory required = 36.8840 GiB.
Each test is run 10 times, but only
the *best* time for each is used.
-------------------------------------------------------------
Number of Threads requested = 16
-------------------------------------------------------------
Your clock granularity/precision appears to be 1 microseconds.
Each test below will take on the order of 766736 microseconds.
   (= 766736 clock ticks)
Increase the size of the arrays if this shows that
you are not getting at least 20 clock ticks per test.
-------------------------------------------------------------
WARNING -- The above is only a rough guideline.
For best results, please be sure you know the
precision of your system timer.
-------------------------------------------------------------
Function      Rate (GB/s)   Avg time     Min time     Max time
Copy:          22.5272       1.1726       1.1720       1.1733
Scale:         22.5298       1.1723       1.1719       1.1727
Add:           25.1110       1.5778       1.5772       1.5788
Triad:         25.1447       1.5757       1.5750       1.5764
-------------------------------------------------------------
Results Comparison: 
        Expected  : 1153300781250.000000 230660156250.000000 307546875000.000000 
        Observed  : 1153300781250.000000 230660156250.000000 307546875000.000000 
Solution Validates
-------------------------------------------------------------

--------------------------------------------------------------------------------
Running stream with numaopts <  --physcpubind=0-7,16-23 --localalloc  >, started at Sat Jul 12 10:50:03 CDT 2014
Generated on 2014-07-12:15:50:03 GMT
-------------------------------------------------------------
This system uses 8 bytes per DOUBLE PRECISION word.
-------------------------------------------------------------
Array size = 1650163200, Offset = 0
Total memory required = 36.8840 GiB.
Each test is run 10 times, but only
the *best* time for each is used.
-------------------------------------------------------------
Number of Threads requested = 16
-------------------------------------------------------------
Your clock granularity/precision appears to be 1 microseconds.
Each test below will take on the order of 768082 microseconds.
   (= 768082 clock ticks)
Increase the size of the arrays if this shows that
you are not getting at least 20 clock ticks per test.
-------------------------------------------------------------
WARNING -- The above is only a rough guideline.
For best results, please be sure you know the
precision of your system timer.
-------------------------------------------------------------
Function      Rate (GB/s)   Avg time     Min time     Max time
Copy:          22.5158       1.1730       1.1726       1.1738
Scale:         22.5362       1.1725       1.1716       1.1731
Add:           25.1137       1.5778       1.5770       1.5786
Triad:         25.1348       1.5766       1.5757       1.5774
-------------------------------------------------------------
Results Comparison: 
        Expected  : 1153300781250.000000 230660156250.000000 307546875000.000000 
        Observed  : 1153300781250.000000 230660156250.000000 307546875000.000000 
Solution Validates
-------------------------------------------------------------

