Generated on 2014-06-20:22:57:41 GMT
-------------------------------------------------------------
This system uses 8 bytes per DOUBLE PRECISION word.
-------------------------------------------------------------
Array size = 4223466176, Offset = 0
Total memory required = 94.4018 GiB.
Each test is run 10 times, but only
the *best* time for each is used.
-------------------------------------------------------------
Number of Threads requested = 32
-------------------------------------------------------------
Your clock granularity/precision appears to be 1 microseconds.
Each test below will take on the order of 7189 microseconds.
   (= 7189 clock ticks)
Increase the size of the arrays if this shows that
you are not getting at least 20 clock ticks per test.
-------------------------------------------------------------
WARNING -- The above is only a rough guideline.
For best results, please be sure you know the
precision of your system timer.
-------------------------------------------------------------
Function      Rate (GB/s)   Avg time     Min time     Max time
Copy:          47.0214       1.4626       1.4371       1.4974
Scale:         46.7516       1.5091       1.4454       1.5619
Add:           52.8037       1.9972       1.9196       2.0413
Triad:         52.7596       1.9855       1.9212       2.0445
-------------------------------------------------------------
Results Comparison: 
        Expected  : 1153300781250.000000 230660156250.000000 307546875000.000000 
        Observed  : 0.000000 0.000000 0.000000 
Failed Validation on array a[]
        Expected  : 1153300781250.000000 
        Observed  : 0.000000 
-------------------------------------------------------------
