--------------------------------------------------------------------------------
Running stream, started at Sat Jul 12 11:02:12 CDT 2014
Selecting previously unselected package libgomp1:amd64.
(Reading database ... 54322 files and directories currently installed.)
Unpacking libgomp1:amd64 (from .../libgomp1_4.8.1-10ubuntu9_amd64.deb) ...
Setting up libgomp1:amd64 (4.8.1-10ubuntu9) ...
Processing triggers for libc-bin ...
Generated on 2014-07-12:16:02:18 GMT
-------------------------------------------------------------
This system uses 8 bytes per DOUBLE PRECISION word.
-------------------------------------------------------------
Array size = 1650163200, Offset = 0
Total memory required = 36.8840 GiB.
Each test is run 10 times, but only
the *best* time for each is used.
-------------------------------------------------------------
Number of Threads requested = 16
-------------------------------------------------------------
Your clock granularity/precision appears to be 1 microseconds.
Each test below will take on the order of 775823 microseconds.
   (= 775823 clock ticks)
Increase the size of the arrays if this shows that
you are not getting at least 20 clock ticks per test.
-------------------------------------------------------------
WARNING -- The above is only a rough guideline.
For best results, please be sure you know the
precision of your system timer.
-------------------------------------------------------------
Function      Rate (GB/s)   Avg time     Min time     Max time
Copy:          22.2949       1.1849       1.1842       1.1853
Scale:         22.3062       1.1845       1.1836       1.1849
Add:           24.8727       1.5933       1.5923       1.5942
Triad:         24.8916       1.5918       1.5911       1.5924
-------------------------------------------------------------
Results Comparison: 
        Expected  : 1153300781250.000000 230660156250.000000 307546875000.000000 
        Observed  : 1153300781250.000000 230660156250.000000 307546875000.000000 
Solution Validates
-------------------------------------------------------------

--------------------------------------------------------------------------------
Running stream, started at Sat Jul 12 11:04:00 CDT 2014
Selecting previously unselected package libgomp1:amd64.
(Reading database ... 54322 files and directories currently installed.)
Unpacking libgomp1:amd64 (from .../libgomp1_4.8.1-10ubuntu9_amd64.deb) ...
Setting up libgomp1:amd64 (4.8.1-10ubuntu9) ...
Processing triggers for libc-bin ...
Generated on 2014-07-12:16:04:06 GMT
-------------------------------------------------------------
This system uses 8 bytes per DOUBLE PRECISION word.
-------------------------------------------------------------
Array size = 1650163200, Offset = 0
Total memory required = 36.8840 GiB.
Each test is run 10 times, but only
the *best* time for each is used.
-------------------------------------------------------------
Number of Threads requested = 16
-------------------------------------------------------------
Your clock granularity/precision appears to be 1 microseconds.
Each test below will take on the order of 778657 microseconds.
   (= 778657 clock ticks)
Increase the size of the arrays if this shows that
you are not getting at least 20 clock ticks per test.
-------------------------------------------------------------
WARNING -- The above is only a rough guideline.
For best results, please be sure you know the
precision of your system timer.
-------------------------------------------------------------
Function      Rate (GB/s)   Avg time     Min time     Max time
Copy:          22.2786       1.1869       1.1851       1.1889
Scale:         22.2627       1.1876       1.1860       1.1898
Add:           24.8426       1.5971       1.5942       1.5996
Triad:         24.8667       1.5960       1.5926       1.5993
-------------------------------------------------------------
Results Comparison: 
        Expected  : 1153300781250.000000 230660156250.000000 307546875000.000000 
        Observed  : 1153300781250.000000 230660156250.000000 307546875000.000000 
Solution Validates
-------------------------------------------------------------

--------------------------------------------------------------------------------
Running stream, started at Sat Jul 12 11:05:50 CDT 2014
Selecting previously unselected package libgomp1:amd64.
(Reading database ... 54322 files and directories currently installed.)
Unpacking libgomp1:amd64 (from .../libgomp1_4.8.1-10ubuntu9_amd64.deb) ...
Setting up libgomp1:amd64 (4.8.1-10ubuntu9) ...
Processing triggers for libc-bin ...
Generated on 2014-07-12:16:05:55 GMT
-------------------------------------------------------------
This system uses 8 bytes per DOUBLE PRECISION word.
-------------------------------------------------------------
Array size = 1650163200, Offset = 0
Total memory required = 36.8840 GiB.
Each test is run 10 times, but only
the *best* time for each is used.
-------------------------------------------------------------
Number of Threads requested = 16
-------------------------------------------------------------
Your clock granularity/precision appears to be 1 microseconds.
Each test below will take on the order of 776613 microseconds.
   (= 776613 clock ticks)
Increase the size of the arrays if this shows that
you are not getting at least 20 clock ticks per test.
-------------------------------------------------------------
WARNING -- The above is only a rough guideline.
For best results, please be sure you know the
precision of your system timer.
-------------------------------------------------------------
Function      Rate (GB/s)   Avg time     Min time     Max time
Copy:          22.2853       1.1852       1.1848       1.1857
Scale:         22.2947       1.1855       1.1843       1.1863
Add:           24.8487       1.5949       1.5938       1.5960
Triad:         24.8735       1.5932       1.5922       1.5938
-------------------------------------------------------------
Results Comparison: 
        Expected  : 1153300781250.000000 230660156250.000000 307546875000.000000 
        Observed  : 1153300781250.000000 230660156250.000000 307546875000.000000 
Solution Validates
-------------------------------------------------------------

--------------------------------------------------------------------------------
Running stream, started at Sat Jul 12 11:07:38 CDT 2014
Selecting previously unselected package libgomp1:amd64.
(Reading database ... 54322 files and directories currently installed.)
Unpacking libgomp1:amd64 (from .../libgomp1_4.8.1-10ubuntu9_amd64.deb) ...
Setting up libgomp1:amd64 (4.8.1-10ubuntu9) ...
Processing triggers for libc-bin ...
Generated on 2014-07-12:16:07:44 GMT
-------------------------------------------------------------
This system uses 8 bytes per DOUBLE PRECISION word.
-------------------------------------------------------------
Array size = 1650163200, Offset = 0
Total memory required = 36.8840 GiB.
Each test is run 10 times, but only
the *best* time for each is used.
-------------------------------------------------------------
Number of Threads requested = 16
-------------------------------------------------------------
Your clock granularity/precision appears to be 1 microseconds.
Each test below will take on the order of 777861 microseconds.
   (= 777861 clock ticks)
Increase the size of the arrays if this shows that
you are not getting at least 20 clock ticks per test.
-------------------------------------------------------------
WARNING -- The above is only a rough guideline.
For best results, please be sure you know the
precision of your system timer.
-------------------------------------------------------------
Function      Rate (GB/s)   Avg time     Min time     Max time
Copy:          22.2951       1.1849       1.1842       1.1857
Scale:         22.2970       1.1850       1.1841       1.1863
Add:           24.8604       1.5937       1.5931       1.5944
Triad:         24.8947       1.5919       1.5909       1.5930
-------------------------------------------------------------
Results Comparison: 
        Expected  : 1153300781250.000000 230660156250.000000 307546875000.000000 
        Observed  : 1153300781250.000000 230660156250.000000 307546875000.000000 
Solution Validates
-------------------------------------------------------------

--------------------------------------------------------------------------------
Running stream, started at Sat Jul 12 11:09:26 CDT 2014
Selecting previously unselected package libgomp1:amd64.
(Reading database ... 54322 files and directories currently installed.)
Unpacking libgomp1:amd64 (from .../libgomp1_4.8.1-10ubuntu9_amd64.deb) ...
Setting up libgomp1:amd64 (4.8.1-10ubuntu9) ...
Processing triggers for libc-bin ...
Generated on 2014-07-12:16:09:32 GMT
-------------------------------------------------------------
This system uses 8 bytes per DOUBLE PRECISION word.
-------------------------------------------------------------
Array size = 1650163200, Offset = 0
Total memory required = 36.8840 GiB.
Each test is run 10 times, but only
the *best* time for each is used.
-------------------------------------------------------------
Number of Threads requested = 16
-------------------------------------------------------------
Your clock granularity/precision appears to be 1 microseconds.
Each test below will take on the order of 777086 microseconds.
   (= 777086 clock ticks)
Increase the size of the arrays if this shows that
you are not getting at least 20 clock ticks per test.
-------------------------------------------------------------
WARNING -- The above is only a rough guideline.
For best results, please be sure you know the
precision of your system timer.
-------------------------------------------------------------
Function      Rate (GB/s)   Avg time     Min time     Max time
Copy:          22.2995       1.1845       1.1840       1.1848
Scale:         22.2881       1.1856       1.1846       1.1865
Add:           24.8661       1.5942       1.5927       1.5953
Triad:         24.8842       1.5922       1.5915       1.5930
-------------------------------------------------------------
Results Comparison: 
        Expected  : 1153300781250.000000 230660156250.000000 307546875000.000000 
        Observed  : 1153300781250.000000 230660156250.000000 307546875000.000000 
Solution Validates
-------------------------------------------------------------

--------------------------------------------------------------------------------
Running stream, started at Sat Jul 12 11:11:14 CDT 2014
Selecting previously unselected package libgomp1:amd64.
(Reading database ... 54322 files and directories currently installed.)
Unpacking libgomp1:amd64 (from .../libgomp1_4.8.1-10ubuntu9_amd64.deb) ...
Setting up libgomp1:amd64 (4.8.1-10ubuntu9) ...
Processing triggers for libc-bin ...
Generated on 2014-07-12:16:11:20 GMT
-------------------------------------------------------------
This system uses 8 bytes per DOUBLE PRECISION word.
-------------------------------------------------------------
Array size = 1650163200, Offset = 0
Total memory required = 36.8840 GiB.
Each test is run 10 times, but only
the *best* time for each is used.
-------------------------------------------------------------
Number of Threads requested = 16
-------------------------------------------------------------
Your clock granularity/precision appears to be 1 microseconds.
Each test below will take on the order of 777992 microseconds.
   (= 777992 clock ticks)
Increase the size of the arrays if this shows that
you are not getting at least 20 clock ticks per test.
-------------------------------------------------------------
WARNING -- The above is only a rough guideline.
For best results, please be sure you know the
precision of your system timer.
-------------------------------------------------------------
Function      Rate (GB/s)   Avg time     Min time     Max time
Copy:          22.2215       1.1885       1.1882       1.1888
Scale:         22.2407       1.1877       1.1871       1.1883
Add:           24.7962       1.5979       1.5972       1.5986
Triad:         24.8149       1.5970       1.5960       1.5983
-------------------------------------------------------------
Results Comparison: 
        Expected  : 1153300781250.000000 230660156250.000000 307546875000.000000 
        Observed  : 1153300781250.000000 230660156250.000000 307546875000.000000 
Solution Validates
-------------------------------------------------------------

--------------------------------------------------------------------------------
Running stream, started at Sat Jul 12 11:13:02 CDT 2014
Selecting previously unselected package libgomp1:amd64.
(Reading database ... 54322 files and directories currently installed.)
Unpacking libgomp1:amd64 (from .../libgomp1_4.8.1-10ubuntu9_amd64.deb) ...
Setting up libgomp1:amd64 (4.8.1-10ubuntu9) ...
Processing triggers for libc-bin ...
Generated on 2014-07-12:16:13:08 GMT
-------------------------------------------------------------
This system uses 8 bytes per DOUBLE PRECISION word.
-------------------------------------------------------------
Array size = 1650163200, Offset = 0
Total memory required = 36.8840 GiB.
Each test is run 10 times, but only
the *best* time for each is used.
-------------------------------------------------------------
Number of Threads requested = 16
-------------------------------------------------------------
Your clock granularity/precision appears to be 1 microseconds.
Each test below will take on the order of 780557 microseconds.
   (= 780557 clock ticks)
Increase the size of the arrays if this shows that
you are not getting at least 20 clock ticks per test.
-------------------------------------------------------------
WARNING -- The above is only a rough guideline.
For best results, please be sure you know the
precision of your system timer.
-------------------------------------------------------------
Function      Rate (GB/s)   Avg time     Min time     Max time
Copy:          22.2796       1.1871       1.1851       1.1887
Scale:         22.2747       1.1871       1.1853       1.1886
Add:           24.8472       1.5972       1.5939       1.5994
Triad:         24.8475       1.5965       1.5939       1.5988
-------------------------------------------------------------
Results Comparison: 
        Expected  : 1153300781250.000000 230660156250.000000 307546875000.000000 
        Observed  : 1153300781250.000000 230660156250.000000 307546875000.000000 
Solution Validates
-------------------------------------------------------------

--------------------------------------------------------------------------------
Running stream, started at Sat Jul 12 11:14:51 CDT 2014
Selecting previously unselected package libgomp1:amd64.
(Reading database ... 54322 files and directories currently installed.)
Unpacking libgomp1:amd64 (from .../libgomp1_4.8.1-10ubuntu9_amd64.deb) ...
Setting up libgomp1:amd64 (4.8.1-10ubuntu9) ...
Processing triggers for libc-bin ...
Generated on 2014-07-12:16:14:56 GMT
-------------------------------------------------------------
This system uses 8 bytes per DOUBLE PRECISION word.
-------------------------------------------------------------
Array size = 1650163200, Offset = 0
Total memory required = 36.8840 GiB.
Each test is run 10 times, but only
the *best* time for each is used.
-------------------------------------------------------------
Number of Threads requested = 16
-------------------------------------------------------------
Your clock granularity/precision appears to be 1 microseconds.
Each test below will take on the order of 775449 microseconds.
   (= 775449 clock ticks)
Increase the size of the arrays if this shows that
you are not getting at least 20 clock ticks per test.
-------------------------------------------------------------
WARNING -- The above is only a rough guideline.
For best results, please be sure you know the
precision of your system timer.
-------------------------------------------------------------
Function      Rate (GB/s)   Avg time     Min time     Max time
Copy:          22.3078       1.1845       1.1836       1.1855
Scale:         22.2956       1.1846       1.1842       1.1852
Add:           24.8749       1.5929       1.5921       1.5937
Triad:         24.8922       1.5919       1.5910       1.5929
-------------------------------------------------------------
Results Comparison: 
        Expected  : 1153300781250.000000 230660156250.000000 307546875000.000000 
        Observed  : 1153300781250.000000 230660156250.000000 307546875000.000000 
Solution Validates
-------------------------------------------------------------

--------------------------------------------------------------------------------
Running stream, started at Sat Jul 12 11:16:39 CDT 2014
Selecting previously unselected package libgomp1:amd64.
(Reading database ... 54322 files and directories currently installed.)
Unpacking libgomp1:amd64 (from .../libgomp1_4.8.1-10ubuntu9_amd64.deb) ...
Setting up libgomp1:amd64 (4.8.1-10ubuntu9) ...
Processing triggers for libc-bin ...
Generated on 2014-07-12:16:16:44 GMT
-------------------------------------------------------------
This system uses 8 bytes per DOUBLE PRECISION word.
-------------------------------------------------------------
Array size = 1650163200, Offset = 0
Total memory required = 36.8840 GiB.
Each test is run 10 times, but only
the *best* time for each is used.
-------------------------------------------------------------
Number of Threads requested = 16
-------------------------------------------------------------
Your clock granularity/precision appears to be 1 microseconds.
Each test below will take on the order of 776834 microseconds.
   (= 776834 clock ticks)
Increase the size of the arrays if this shows that
you are not getting at least 20 clock ticks per test.
-------------------------------------------------------------
WARNING -- The above is only a rough guideline.
For best results, please be sure you know the
precision of your system timer.
-------------------------------------------------------------
Function      Rate (GB/s)   Avg time     Min time     Max time
Copy:          22.3016       1.1847       1.1839       1.1867
Scale:         22.2854       1.1857       1.1847       1.1879
Add:           24.8652       1.5935       1.5927       1.5944
Triad:         24.8976       1.5916       1.5907       1.5926
-------------------------------------------------------------
Results Comparison: 
        Expected  : 1153300781250.000000 230660156250.000000 307546875000.000000 
        Observed  : 1153300781250.000000 230660156250.000000 307546875000.000000 
Solution Validates
-------------------------------------------------------------

--------------------------------------------------------------------------------
Running stream, started at Sat Jul 12 11:18:27 CDT 2014
Selecting previously unselected package libgomp1:amd64.
(Reading database ... 54322 files and directories currently installed.)
Unpacking libgomp1:amd64 (from .../libgomp1_4.8.1-10ubuntu9_amd64.deb) ...
Setting up libgomp1:amd64 (4.8.1-10ubuntu9) ...
Processing triggers for libc-bin ...
Generated on 2014-07-12:16:18:32 GMT
-------------------------------------------------------------
This system uses 8 bytes per DOUBLE PRECISION word.
-------------------------------------------------------------
Array size = 1650163200, Offset = 0
Total memory required = 36.8840 GiB.
Each test is run 10 times, but only
the *best* time for each is used.
-------------------------------------------------------------
Number of Threads requested = 16
-------------------------------------------------------------
Your clock granularity/precision appears to be 1 microseconds.
Each test below will take on the order of 779022 microseconds.
   (= 779022 clock ticks)
Increase the size of the arrays if this shows that
you are not getting at least 20 clock ticks per test.
-------------------------------------------------------------
WARNING -- The above is only a rough guideline.
For best results, please be sure you know the
precision of your system timer.
-------------------------------------------------------------
Function      Rate (GB/s)   Avg time     Min time     Max time
Copy:          22.2491       1.1875       1.1867       1.1882
Scale:         22.2403       1.1876       1.1872       1.1885
Add:           24.7966       1.5980       1.5972       1.5988
Triad:         24.8135       1.5966       1.5961       1.5971
-------------------------------------------------------------
Results Comparison: 
        Expected  : 1153300781250.000000 230660156250.000000 307546875000.000000 
        Observed  : 1153300781250.000000 230660156250.000000 307546875000.000000 
Solution Validates
-------------------------------------------------------------

