--------------------------------------------------------------------------------
Running stream, started at Sat Jul 12 10:27:26 CDT 2014
Selecting previously unselected package libgomp1:amd64.
(Reading database ... 54322 files and directories currently installed.)
Unpacking libgomp1:amd64 (from .../libgomp1_4.8.1-10ubuntu9_amd64.deb) ...
Setting up libgomp1:amd64 (4.8.1-10ubuntu9) ...
Processing triggers for libc-bin ...
Generated on 2014-07-12:15:27:32 GMT
-------------------------------------------------------------
This system uses 8 bytes per DOUBLE PRECISION word.
-------------------------------------------------------------
Array size = 1650163200, Offset = 0
Total memory required = 36.8840 GiB.
Each test is run 10 times, but only
the *best* time for each is used.
-------------------------------------------------------------
Number of Threads requested = 32
-------------------------------------------------------------
Your clock granularity/precision appears to be 1 microseconds.
Each test below will take on the order of 439996 microseconds.
   (= 439996 clock ticks)
Increase the size of the arrays if this shows that
you are not getting at least 20 clock ticks per test.
-------------------------------------------------------------
WARNING -- The above is only a rough guideline.
For best results, please be sure you know the
precision of your system timer.
-------------------------------------------------------------
Function      Rate (GB/s)   Avg time     Min time     Max time
Copy:          40.0956       0.6669       0.6585       0.6740
Scale:         40.1616       0.6616       0.6574       0.6658
Add:           44.6404       0.8933       0.8872       0.9165
Triad:         44.8268       0.8870       0.8835       0.9007
-------------------------------------------------------------
Results Comparison: 
        Expected  : 1153300781250.000000 230660156250.000000 307546875000.000000 
        Observed  : 1153300781250.000000 230660156250.000000 307546875000.000000 
Solution Validates
-------------------------------------------------------------

--------------------------------------------------------------------------------
Running stream, started at Sat Jul 12 10:28:51 CDT 2014
Selecting previously unselected package libgomp1:amd64.
(Reading database ... 54322 files and directories currently installed.)
Unpacking libgomp1:amd64 (from .../libgomp1_4.8.1-10ubuntu9_amd64.deb) ...
Setting up libgomp1:amd64 (4.8.1-10ubuntu9) ...
Processing triggers for libc-bin ...
Generated on 2014-07-12:15:28:56 GMT
-------------------------------------------------------------
This system uses 8 bytes per DOUBLE PRECISION word.
-------------------------------------------------------------
Array size = 1650163200, Offset = 0
Total memory required = 36.8840 GiB.
Each test is run 10 times, but only
the *best* time for each is used.
-------------------------------------------------------------
Number of Threads requested = 32
-------------------------------------------------------------
Your clock granularity/precision appears to be 1 microseconds.
Each test below will take on the order of 438920 microseconds.
   (= 438920 clock ticks)
Increase the size of the arrays if this shows that
you are not getting at least 20 clock ticks per test.
-------------------------------------------------------------
WARNING -- The above is only a rough guideline.
For best results, please be sure you know the
precision of your system timer.
-------------------------------------------------------------
Function      Rate (GB/s)   Avg time     Min time     Max time
Copy:          40.2139       0.6615       0.6566       0.6641
Scale:         40.1586       0.6590       0.6575       0.6613
Add:           45.2920       0.8792       0.8744       0.8980
Triad:         45.2425       0.8776       0.8754       0.8809
-------------------------------------------------------------
Results Comparison: 
        Expected  : 1153300781250.000000 230660156250.000000 307546875000.000000 
        Observed  : 1153300781250.000000 230660156250.000000 307546875000.000000 
Solution Validates
-------------------------------------------------------------

--------------------------------------------------------------------------------
Running stream, started at Sat Jul 12 10:30:13 CDT 2014
Selecting previously unselected package libgomp1:amd64.
(Reading database ... 54322 files and directories currently installed.)
Unpacking libgomp1:amd64 (from .../libgomp1_4.8.1-10ubuntu9_amd64.deb) ...
Setting up libgomp1:amd64 (4.8.1-10ubuntu9) ...
Processing triggers for libc-bin ...
Generated on 2014-07-12:15:30:18 GMT
-------------------------------------------------------------
This system uses 8 bytes per DOUBLE PRECISION word.
-------------------------------------------------------------
Array size = 1650163200, Offset = 0
Total memory required = 36.8840 GiB.
Each test is run 10 times, but only
the *best* time for each is used.
-------------------------------------------------------------
Number of Threads requested = 32
-------------------------------------------------------------
Your clock granularity/precision appears to be 1 microseconds.
Each test below will take on the order of 447616 microseconds.
   (= 447616 clock ticks)
Increase the size of the arrays if this shows that
you are not getting at least 20 clock ticks per test.
-------------------------------------------------------------
WARNING -- The above is only a rough guideline.
For best results, please be sure you know the
precision of your system timer.
-------------------------------------------------------------
Function      Rate (GB/s)   Avg time     Min time     Max time
Copy:          39.8164       0.6648       0.6631       0.6682
Scale:         40.0541       0.6609       0.6592       0.6628
Add:           44.8706       0.8901       0.8826       0.9089
Triad:         45.0248       0.8849       0.8796       0.8994
-------------------------------------------------------------
Results Comparison: 
        Expected  : 1153300781250.000000 230660156250.000000 307546875000.000000 
        Observed  : 1153300781250.000000 230660156250.000000 307546875000.000000 
Solution Validates
-------------------------------------------------------------

--------------------------------------------------------------------------------
Running stream, started at Sat Jul 12 10:31:35 CDT 2014
Selecting previously unselected package libgomp1:amd64.
(Reading database ... 54322 files and directories currently installed.)
Unpacking libgomp1:amd64 (from .../libgomp1_4.8.1-10ubuntu9_amd64.deb) ...
Setting up libgomp1:amd64 (4.8.1-10ubuntu9) ...
Processing triggers for libc-bin ...
Generated on 2014-07-12:15:31:41 GMT
-------------------------------------------------------------
This system uses 8 bytes per DOUBLE PRECISION word.
-------------------------------------------------------------
Array size = 1650163200, Offset = 0
Total memory required = 36.8840 GiB.
Each test is run 10 times, but only
the *best* time for each is used.
-------------------------------------------------------------
Number of Threads requested = 32
-------------------------------------------------------------
Your clock granularity/precision appears to be 1 microseconds.
Each test below will take on the order of 437078 microseconds.
   (= 437078 clock ticks)
Increase the size of the arrays if this shows that
you are not getting at least 20 clock ticks per test.
-------------------------------------------------------------
WARNING -- The above is only a rough guideline.
For best results, please be sure you know the
precision of your system timer.
-------------------------------------------------------------
Function      Rate (GB/s)   Avg time     Min time     Max time
Copy:          40.2965       0.6607       0.6552       0.6820
Scale:         40.1523       0.6622       0.6576       0.6824
Add:           45.1747       0.8833       0.8767       0.9021
Triad:         45.0392       0.8820       0.8793       0.8855
-------------------------------------------------------------
Results Comparison: 
        Expected  : 1153300781250.000000 230660156250.000000 307546875000.000000 
        Observed  : 1153300781250.000000 230660156250.000000 307546875000.000000 
Solution Validates
-------------------------------------------------------------

--------------------------------------------------------------------------------
Running stream, started at Sat Jul 12 10:32:59 CDT 2014
Selecting previously unselected package libgomp1:amd64.
(Reading database ... 54322 files and directories currently installed.)
Unpacking libgomp1:amd64 (from .../libgomp1_4.8.1-10ubuntu9_amd64.deb) ...
Setting up libgomp1:amd64 (4.8.1-10ubuntu9) ...
Processing triggers for libc-bin ...
Generated on 2014-07-12:15:33:05 GMT
-------------------------------------------------------------
This system uses 8 bytes per DOUBLE PRECISION word.
-------------------------------------------------------------
Array size = 1650163200, Offset = 0
Total memory required = 36.8840 GiB.
Each test is run 10 times, but only
the *best* time for each is used.
-------------------------------------------------------------
Number of Threads requested = 32
-------------------------------------------------------------
Your clock granularity/precision appears to be 1 microseconds.
Each test below will take on the order of 452576 microseconds.
   (= 452576 clock ticks)
Increase the size of the arrays if this shows that
you are not getting at least 20 clock ticks per test.
-------------------------------------------------------------
WARNING -- The above is only a rough guideline.
For best results, please be sure you know the
precision of your system timer.
-------------------------------------------------------------
Function      Rate (GB/s)   Avg time     Min time     Max time
Copy:          40.2866       0.6588       0.6554       0.6657
Scale:         39.9371       0.6644       0.6611       0.6734
Add:           45.0481       0.8828       0.8791       0.8882
Triad:         45.0342       0.8823       0.8794       0.8872
-------------------------------------------------------------
Results Comparison: 
        Expected  : 1153300781250.000000 230660156250.000000 307546875000.000000 
        Observed  : 1153300781250.000000 230660156250.000000 307546875000.000000 
Solution Validates
-------------------------------------------------------------

--------------------------------------------------------------------------------
Running stream, started at Sat Jul 12 10:34:22 CDT 2014
Selecting previously unselected package libgomp1:amd64.
(Reading database ... 54322 files and directories currently installed.)
Unpacking libgomp1:amd64 (from .../libgomp1_4.8.1-10ubuntu9_amd64.deb) ...
Setting up libgomp1:amd64 (4.8.1-10ubuntu9) ...
Processing triggers for libc-bin ...
Generated on 2014-07-12:15:34:27 GMT
-------------------------------------------------------------
This system uses 8 bytes per DOUBLE PRECISION word.
-------------------------------------------------------------
Array size = 1650163200, Offset = 0
Total memory required = 36.8840 GiB.
Each test is run 10 times, but only
the *best* time for each is used.
-------------------------------------------------------------
Number of Threads requested = 32
-------------------------------------------------------------
Your clock granularity/precision appears to be 1 microseconds.
Each test below will take on the order of 446585 microseconds.
   (= 446585 clock ticks)
Increase the size of the arrays if this shows that
you are not getting at least 20 clock ticks per test.
-------------------------------------------------------------
WARNING -- The above is only a rough guideline.
For best results, please be sure you know the
precision of your system timer.
-------------------------------------------------------------
Function      Rate (GB/s)   Avg time     Min time     Max time
Copy:          39.9562       0.6629       0.6608       0.6654
Scale:         39.8210       0.6649       0.6630       0.6665
Add:           44.7208       0.8881       0.8856       0.8943
Triad:         44.9014       0.8889       0.8820       0.8989
-------------------------------------------------------------
Results Comparison: 
        Expected  : 1153300781250.000000 230660156250.000000 307546875000.000000 
        Observed  : 1153300781250.000000 230660156250.000000 307546875000.000000 
Solution Validates
-------------------------------------------------------------

--------------------------------------------------------------------------------
Running stream, started at Sat Jul 12 10:35:47 CDT 2014
Selecting previously unselected package libgomp1:amd64.
(Reading database ... 54322 files and directories currently installed.)
Unpacking libgomp1:amd64 (from .../libgomp1_4.8.1-10ubuntu9_amd64.deb) ...
Setting up libgomp1:amd64 (4.8.1-10ubuntu9) ...
Processing triggers for libc-bin ...
Generated on 2014-07-12:15:35:53 GMT
-------------------------------------------------------------
This system uses 8 bytes per DOUBLE PRECISION word.
-------------------------------------------------------------
Array size = 1650163200, Offset = 0
Total memory required = 36.8840 GiB.
Each test is run 10 times, but only
the *best* time for each is used.
-------------------------------------------------------------
Number of Threads requested = 32
-------------------------------------------------------------
Your clock granularity/precision appears to be 1 microseconds.
Each test below will take on the order of 435717 microseconds.
   (= 435717 clock ticks)
Increase the size of the arrays if this shows that
you are not getting at least 20 clock ticks per test.
-------------------------------------------------------------
WARNING -- The above is only a rough guideline.
For best results, please be sure you know the
precision of your system timer.
-------------------------------------------------------------
Function      Rate (GB/s)   Avg time     Min time     Max time
Copy:          40.1273       0.6679       0.6580       0.7187
Scale:         39.9408       0.6629       0.6610       0.6652
Add:           44.9780       0.8830       0.8805       0.8859
Triad:         45.0460       0.8823       0.8792       0.8864
-------------------------------------------------------------
Results Comparison: 
        Expected  : 1153300781250.000000 230660156250.000000 307546875000.000000 
        Observed  : 1153300781250.000000 230660156250.000000 307546875000.000000 
Solution Validates
-------------------------------------------------------------

--------------------------------------------------------------------------------
Running stream, started at Sat Jul 12 10:37:10 CDT 2014
Selecting previously unselected package libgomp1:amd64.
(Reading database ... 54322 files and directories currently installed.)
Unpacking libgomp1:amd64 (from .../libgomp1_4.8.1-10ubuntu9_amd64.deb) ...
Setting up libgomp1:amd64 (4.8.1-10ubuntu9) ...
Processing triggers for libc-bin ...
Generated on 2014-07-12:15:37:16 GMT
-------------------------------------------------------------
This system uses 8 bytes per DOUBLE PRECISION word.
-------------------------------------------------------------
Array size = 1650163200, Offset = 0
Total memory required = 36.8840 GiB.
Each test is run 10 times, but only
the *best* time for each is used.
-------------------------------------------------------------
Number of Threads requested = 32
-------------------------------------------------------------
Your clock granularity/precision appears to be 1 microseconds.
Each test below will take on the order of 437067 microseconds.
   (= 437067 clock ticks)
Increase the size of the arrays if this shows that
you are not getting at least 20 clock ticks per test.
-------------------------------------------------------------
WARNING -- The above is only a rough guideline.
For best results, please be sure you know the
precision of your system timer.
-------------------------------------------------------------
Function      Rate (GB/s)   Avg time     Min time     Max time
Copy:          39.7983       0.6689       0.6634       0.6880
Scale:         39.9337       0.6635       0.6612       0.6662
Add:           45.1385       0.8807       0.8774       0.8852
Triad:         45.4449       0.8753       0.8715       0.8827
-------------------------------------------------------------
Results Comparison: 
        Expected  : 1153300781250.000000 230660156250.000000 307546875000.000000 
        Observed  : 1153300781250.000000 230660156250.000000 307546875000.000000 
Solution Validates
-------------------------------------------------------------

--------------------------------------------------------------------------------
Running stream, started at Sat Jul 12 10:38:33 CDT 2014
Selecting previously unselected package libgomp1:amd64.
(Reading database ... 54322 files and directories currently installed.)
Unpacking libgomp1:amd64 (from .../libgomp1_4.8.1-10ubuntu9_amd64.deb) ...
Setting up libgomp1:amd64 (4.8.1-10ubuntu9) ...
Processing triggers for libc-bin ...
Generated on 2014-07-12:15:38:39 GMT
-------------------------------------------------------------
This system uses 8 bytes per DOUBLE PRECISION word.
-------------------------------------------------------------
Array size = 1650163200, Offset = 0
Total memory required = 36.8840 GiB.
Each test is run 10 times, but only
the *best* time for each is used.
-------------------------------------------------------------
Number of Threads requested = 32
-------------------------------------------------------------
Your clock granularity/precision appears to be 1 microseconds.
Each test below will take on the order of 445852 microseconds.
   (= 445852 clock ticks)
Increase the size of the arrays if this shows that
you are not getting at least 20 clock ticks per test.
-------------------------------------------------------------
WARNING -- The above is only a rough guideline.
For best results, please be sure you know the
precision of your system timer.
-------------------------------------------------------------
Function      Rate (GB/s)   Avg time     Min time     Max time
Copy:          40.2460       0.6598       0.6560       0.6653
Scale:         40.1841       0.6599       0.6570       0.6620
Add:           45.0953       0.8829       0.8782       0.8923
Triad:         44.6907       0.8895       0.8862       0.8953
-------------------------------------------------------------
Results Comparison: 
        Expected  : 1153300781250.000000 230660156250.000000 307546875000.000000 
        Observed  : 1153300781250.000000 230660156250.000000 307546875000.000000 
Solution Validates
-------------------------------------------------------------

--------------------------------------------------------------------------------
Running stream, started at Sat Jul 12 10:39:55 CDT 2014
Selecting previously unselected package libgomp1:amd64.
(Reading database ... 54322 files and directories currently installed.)
Unpacking libgomp1:amd64 (from .../libgomp1_4.8.1-10ubuntu9_amd64.deb) ...
Setting up libgomp1:amd64 (4.8.1-10ubuntu9) ...
Processing triggers for libc-bin ...
Generated on 2014-07-12:15:40:00 GMT
-------------------------------------------------------------
This system uses 8 bytes per DOUBLE PRECISION word.
-------------------------------------------------------------
Array size = 1650163200, Offset = 0
Total memory required = 36.8840 GiB.
Each test is run 10 times, but only
the *best* time for each is used.
-------------------------------------------------------------
Number of Threads requested = 32
-------------------------------------------------------------
Your clock granularity/precision appears to be 1 microseconds.
Each test below will take on the order of 440031 microseconds.
   (= 440031 clock ticks)
Increase the size of the arrays if this shows that
you are not getting at least 20 clock ticks per test.
-------------------------------------------------------------
WARNING -- The above is only a rough guideline.
For best results, please be sure you know the
precision of your system timer.
-------------------------------------------------------------
Function      Rate (GB/s)   Avg time     Min time     Max time
Copy:          39.6718       0.6730       0.6655       0.7206
Scale:         39.7165       0.6667       0.6648       0.6684
Add:           44.9410       0.8832       0.8812       0.8853
Triad:         44.9624       0.8851       0.8808       0.8944
-------------------------------------------------------------
Results Comparison: 
        Expected  : 1153300781250.000000 230660156250.000000 307546875000.000000 
        Observed  : 1153300781250.000000 230660156250.000000 307546875000.000000 
Solution Validates
-------------------------------------------------------------

